# JRE version: OpenJDK Runtime Environment (11.0.12+7) (build 11.0.12+7-b1504.28-7817840)
# Java VM: OpenJDK 64-Bit Server VM (11.0.12+7-b1504.28-7817840, mixed mode, tiered, compressed oops, g1 gc, windows-amd64)
Heap:
 garbage-first heap   total 817152K, used 328495K [0x0000000080000000, 0x0000000100000000)
  region size 1024K, 5 young (5120K), 5 survivors (5120K)
 Metaspace       used 176991K, capacity 183240K, committed 183552K, reserved 1208320K
  class space    used 21436K, capacity 23691K, committed 23808K, reserved 1048576K
GC Heap History (20 events):
Event: 11561.922 GC heap after
{Heap after GC invocations=202 (full 0):
 garbage-first heap   total 286720K, used 239616K [0x0000000080000000, 0x0000000100000000)
  region size 1024K, 2 young (2048K), 2 survivors (2048K)
 Metaspace       used 176596K, capacity 182916K, committed 183168K, reserved 1208320K
  class space    used 21422K, capacity 23673K, committed 23680K, reserved 1048576K
}
Event: 11562.165 GC heap before
{Heap before GC invocations=202 (full 0):
 garbage-first heap   total 286720K, used 251904K [0x0000000080000000, 0x0000000100000000)
  region size 1024K, 14 young (14336K), 2 survivors (2048K)
 Metaspace       used 176673K, capacity 182980K, committed 183168K, reserved 1208320K
  class space    used 21424K, capacity 23673K, committed 23680K, reserved 1048576K
}
Event: 11562.188 GC heap after
{Heap after GC invocations=203 (full 0):
 garbage-first heap   total 286720K, used 245694K [0x0000000080000000, 0x0000000100000000)
  region size 1024K, 2 young (2048K), 2 survivors (2048K)
 Metaspace       used 176673K, capacity 182980K, committed 183168K, reserved 1208320K
  class space    used 21424K, capacity 23673K, committed 23680K, reserved 1048576K
}
Event: 11562.607 GC heap before
{Heap before GC invocations=203 (full 0):
 garbage-first heap   total 286720K, used 257982K [0x0000000080000000, 0x0000000100000000)
  region size 1024K, 14 young (14336K), 2 survivors (2048K)
 Metaspace       used 176744K, capacity 183042K, committed 183168K, reserved 1208320K
  class space    used 21424K, capacity 23672K, committed 23680K, reserved 1048576K
}
Event: 11562.631 GC heap after
{Heap after GC invocations=204 (full 0):
 garbage-first heap   total 344064K, used 252675K [0x0000000080000000, 0x0000000100000000)
  region size 1024K, 2 young (2048K), 2 survivors (2048K)
 Metaspace       used 176744K, capacity 183042K, committed 183168K, reserved 1208320K
  class space    used 21424K, capacity 23672K, committed 23680K, reserved 1048576K
}
Event: 11562.984 GC heap before
{Heap before GC invocations=205 (full 0):
 garbage-first heap   total 344064K, used 274179K [0x0000000080000000, 0x0000000100000000)
  region size 1024K, 24 young (24576K), 2 survivors (2048K)
 Metaspace       used 176765K, capacity 183043K, committed 183168K, reserved 1208320K
  class space    used 21424K, capacity 23672K, committed 23680K, reserved 1048576K
}
Event: 11563.009 GC heap after
{Heap after GC invocations=206 (full 0):
 garbage-first heap   total 344064K, used 264487K [0x0000000080000000, 0x0000000100000000)
  region size 1024K, 3 young (3072K), 3 survivors (3072K)
 Metaspace       used 176765K, capacity 183043K, committed 183168K, reserved 1208320K
  class space    used 21424K, capacity 23672K, committed 23680K, reserved 1048576K
}
Event: 11563.261 GC heap before
{Heap before GC invocations=206 (full 0):
 garbage-first heap   total 344064K, used 282919K [0x0000000080000000, 0x0000000100000000)
  region size 1024K, 21 young (21504K), 3 survivors (3072K)
 Metaspace       used 176774K, capacity 183045K, committed 183168K, reserved 1208320K
  class space    used 21424K, capacity 23672K, committed 23680K, reserved 1048576K
}
Event: 11563.289 GC heap after
{Heap after GC invocations=207 (full 0):
 garbage-first heap   total 344064K, used 274331K [0x0000000080000000, 0x0000000100000000)
  region size 1024K, 3 young (3072K), 3 survivors (3072K)
 Metaspace       used 176774K, capacity 183045K, committed 183168K, reserved 1208320K
  class space    used 21424K, capacity 23672K, committed 23680K, reserved 1048576K
}
Event: 11564.136 GC heap before
{Heap before GC invocations=207 (full 0):
 garbage-first heap   total 344064K, used 288667K [0x0000000080000000, 0x0000000100000000)
  region size 1024K, 18 young (18432K), 3 survivors (3072K)
 Metaspace       used 176776K, capacity 183109K, committed 183168K, reserved 1208320K
  class space    used 21424K, capacity 23672K, committed 23680K, reserved 1048576K
}
Event: 11564.158 GC heap after
{Heap after GC invocations=208 (full 0):
 garbage-first heap   total 344064K, used 282624K [0x0000000080000000, 0x0000000100000000)
  region size 1024K, 3 young (3072K), 3 survivors (3072K)
 Metaspace       used 176776K, capacity 183109K, committed 183168K, reserved 1208320K
  class space    used 21424K, capacity 23672K, committed 23680K, reserved 1048576K
}
Event: 11564.416 GC heap before
{Heap before GC invocations=208 (full 0):
 garbage-first heap   total 344064K, used 294912K [0x0000000080000000, 0x0000000100000000)
  region size 1024K, 16 young (16384K), 3 survivors (3072K)
 Metaspace       used 176777K, capacity 183109K, committed 183168K, reserved 1208320K
  class space    used 21424K, capacity 23672K, committed 23680K, reserved 1048576K
}
Event: 11564.451 GC heap after
{Heap after GC invocations=209 (full 0):
 garbage-first heap   total 496640K, used 289792K [0x0000000080000000, 0x0000000100000000)
  region size 1024K, 2 young (2048K), 2 survivors (2048K)
 Metaspace       used 176777K, capacity 183109K, committed 183168K, reserved 1208320K
  class space    used 21424K, capacity 23672K, committed 23680K, reserved 1048576K
}
Event: 11565.292 GC heap before
{Heap before GC invocations=210 (full 0):
 garbage-first heap   total 496640K, used 344064K [0x0000000080000000, 0x0000000100000000)
  region size 1024K, 55 young (56320K), 2 survivors (2048K)
 Metaspace       used 176847K, capacity 183116K, committed 183168K, reserved 1208320K
  class space    used 21426K, capacity 23674K, committed 23680K, reserved 1048576K
}
Event: 11565.345 GC heap after
{Heap after GC invocations=211 (full 0):
 garbage-first heap   total 496640K, used 317195K [0x0000000080000000, 0x0000000100000000)
  region size 1024K, 7 young (7168K), 7 survivors (7168K)
 Metaspace       used 176847K, capacity 183116K, committed 183168K, reserved 1208320K
  class space    used 21426K, capacity 23674K, committed 23680K, reserved 1048576K
}
Event: 11566.053 GC heap before
{Heap before GC invocations=211 (full 0):
 garbage-first heap   total 496640K, used 364299K [0x0000000080000000, 0x0000000100000000)
  region size 1024K, 54 young (55296K), 7 survivors (7168K)
 Metaspace       used 176948K, capacity 183239K, committed 183552K, reserved 1208320K
  class space    used 21436K, capacity 23691K, committed 23808K, reserved 1048576K
}
Event: 11566.106 GC heap after
{Heap after GC invocations=212 (full 0):
 garbage-first heap   total 496640K, used 326144K [0x0000000080000000, 0x0000000100000000)
  region size 1024K, 7 young (7168K), 7 survivors (7168K)
 Metaspace       used 176948K, capacity 183239K, committed 183552K, reserved 1208320K
  class space    used 21436K, capacity 23691K, committed 23808K, reserved 1048576K
}
Event: 11567.152 GC heap before
{Heap before GC invocations=212 (full 0):
 garbage-first heap   total 496640K, used 359936K [0x0000000080000000, 0x0000000100000000)
  region size 1024K, 55 young (56320K), 7 survivors (7168K)
 Metaspace       used 176963K, capacity 183240K, committed 183552K, reserved 1208320K
  class space    used 21436K, capacity 23691K, committed 23808K, reserved 1048576K
}
Event: 11567.206 GC heap after
{Heap after GC invocations=213 (full 0):
 garbage-first heap   total 496640K, used 317571K [0x0000000080000000, 0x0000000100000000)
  region size 1024K, 6 young (6144K), 6 survivors (6144K)
 Metaspace       used 176963K, capacity 183240K, committed 183552K, reserved 1208320K
  class space    used 21436K, capacity 23691K, committed 23808K, reserved 1048576K
}
Event: 11568.827 GC heap before
{Heap before GC invocations=214 (full 0):
 garbage-first heap   total 496640K, used 380035K [0x0000000080000000, 0x0000000100000000)
  region size 1024K, 60 young (61440K), 6 survivors (6144K)
 Metaspace       used 176991K, capacity 183240K, committed 183552K, reserved 1208320K
  class space    used 21436K, capacity 23691K, committed 23808K, reserved 1048576K
}

